+b main
Breakpoint 1 at 0x40146e: file c:\Users\Admin\OneDrive\Documents\GitHub\c_activity_sets\set01\problem09.c, line 8.
+r
Starting program: c:\Users\Admin\OneDrive\Documents\GitHub\c_activity_sets\set01/./problem09.exe 
[New Thread 7972.0x23d4]
[New Thread 7972.0x38c4]

Breakpoint 1, main () at c:\Users\Admin\OneDrive\Documents\GitHub\c_activity_sets\set01\problem09.c:8
8	    float n=input();
+s
input () at c:\Users\Admin\OneDrive\Documents\GitHub\c_activity_sets\set01\problem09.c:18
18	    printf("Enter a number: ");
+s
19	    scanf("%f", &n);
+s
20	    return n;
+n
21	}
+n
main () at c:\Users\Admin\OneDrive\Documents\GitHub\c_activity_sets\set01\problem09.c:9
9	    float sqrroot=square_root(n);
+n
10	    output(n,sqrroot);
+n
11	    return 0;
+n
12	}
+n
0x00401288 in __register_frame_info ()
+q
A debugging session is active.

	Inferior 1 [process 7972] will be killed.

Quit anyway? (y or n) error return ../../gdb-7.6.1/gdb/windows-nat.c:1275 was 5
