+r
Starting program: c:\Users\Admin\OneDrive\Documents\GitHub\c_activity_sets\set01/./problem07.exe 
[New Thread 14176.0x3634]
[New Thread 14176.0xb84]
[Inferior 1 (process 14176) exited normally]
+n
The program is not being run.
+n
The program is not being run.
+b main
Breakpoint 1 at 0x4014e8: file c:\Users\Admin\OneDrive\Documents\GitHub\c_activity_sets\set01\problem07.c, line 25.
+r
Starting program: c:\Users\Admin\OneDrive\Documents\GitHub\c_activity_sets\set01/./problem07.exe 
[New Thread 13952.0x3b2c]
[New Thread 13952.0xfa4]

Breakpoint 1, main () at c:\Users\Admin\OneDrive\Documents\GitHub\c_activity_sets\set01\problem07.c:25
25	    n = input_n(); 
+s
input_n () at c:\Users\Admin\OneDrive\Documents\GitHub\c_activity_sets\set01\problem07.c:5
5	    printf("Enter the value of n: ");
+s
6	    scanf("%d", &n);
+s
7	    return n;
+n
8	}
+n
main () at c:\Users\Admin\OneDrive\Documents\GitHub\c_activity_sets\set01\problem07.c:26
26	    sum = sum_n_nos(n); 
+n
27	    output(n, sum); 
+n
29	    return 0;
+n
30	}+n
0x00401288 in __register_frame_info ()
+n
Single stepping until exit from function __register_frame_info,
which has no line number information.
0x0040128a in __register_frame_info ()
+q
A debugging session is active.

	Inferior 1 [process 13952] will be killed.

Quit anyway? (y or n) error return ../../gdb-7.6.1/gdb/windows-nat.c:1275 was 5
+r
Starting program: c:\Users\Admin\OneDrive\Documents\GitHub\c_activity_sets\set01/./problem07.exe 
[New Thread 14844.0x3038]
[New Thread 14844.0x3a58]
[Inferior 1 (process 14844) exited normally]
+b main
Breakpoint 1 at 0x4014e8: file c:\Users\Admin\OneDrive\Documents\GitHub\c_activity_sets\set01\problem07.c, line 25.
+r
Starting program: c:\Users\Admin\OneDrive\Documents\GitHub\c_activity_sets\set01/./problem07.exe 
[New Thread 8412.0x2854]
[New Thread 8412.0x72c]

Breakpoint 1, main () at c:\Users\Admin\OneDrive\Documents\GitHub\c_activity_sets\set01\problem07.c:25
25	    n = input_n(); 
+s
input_n () at c:\Users\Admin\OneDrive\Documents\GitHub\c_activity_sets\set01\problem07.c:5
5	    printf("Enter the value of n: ");
+s
6	    scanf("%d", &n);
+s
7	    return n;
+n
8	}
+n
main () at c:\Users\Admin\OneDrive\Documents\GitHub\c_activity_sets\set01\problem07.c:26
26	    sum = sum_n_nos(n); 
+n
27	    output(n, sum); 
+n
29	    return 0;
+n
30	}+q
A debugging session is active.

	Inferior 1 [process 8412] will be killed.

Quit anyway? (y or n) error return ../../gdb-7.6.1/gdb/windows-nat.c:1275 was 5
