+b main
Breakpoint 1 at 0x40146e: file c:\Users\Admin\OneDrive\Documents\GitHub\c_activity_sets\set01\problem04.c, line 9.
+r
Starting program: c:\Users\Admin\OneDrive\Documents\GitHub\c_activity_sets\set01/./problem04.exe 
[New Thread 1256.0x23c4]
[New Thread 1256.0x200c]

Breakpoint 1, main () at c:\Users\Admin\OneDrive\Documents\GitHub\c_activity_sets\set01\problem04.c:9
9	    num1=input();
+n
10	    num2=input();
+2
Undefined command: "2".  Try "help".
+n
11	    add(num1,num2,&result);
+n
12	    output(num1,num2,result);
+n
13	    return 0;
+n
14	}
+n
0x00401288 in __register_frame_info ()
+q
A debugging session is active.

	Inferior 1 [process 1256] will be killed.

Quit anyway? (y or n) error return ../../gdb-7.6.1/gdb/windows-nat.c:1275 was 5
