+b main
Breakpoint 1 at 0x401477: file c:\Users\Admin\OneDrive\Documents\GitHub\c_activity_sets\set01\problem08.c, line 7.
+r
Starting program: c:\Users\Admin\OneDrive\Documents\GitHub\c_activity_sets\set01/./problem08.exe 
[New Thread 9756.0x3554]
[New Thread 9756.0x3a4c]

Breakpoint 1, 0x00401477 in main ()
    at c:\Users\Admin\OneDrive\Documents\GitHub\c_activity_sets\set01\problem08.c:7
7	int main() {
+s
9	    n = input_array_size();
+s
input_array_size () at c:\Users\Admin\OneDrive\Documents\GitHub\c_activity_sets\set01\problem08.c:18
18	    printf("Enter the number of elements (n): ");
+r
The program being debugged has been started already.
Start it from the beginning? (y or n) error return ../../gdb-7.6.1/gdb/windows-nat.c:1275 was 5
Starting program: c:\Users\Admin\OneDrive\Documents\GitHub\c_activity_sets\set01/./problem08.exe 
[New Thread 10792.0xbf4]
[New Thread 10792.0xa30]

Breakpoint 1, 0x00401477 in main ()
    at c:\Users\Admin\OneDrive\Documents\GitHub\c_activity_sets\set01\problem08.c:7
7	int main() {
+b main
Note: breakpoint 1 also set at pc 0x401477.
Breakpoint 2 at 0x401477: file c:\Users\Admin\OneDrive\Documents\GitHub\c_activity_sets\set01\problem08.c, line 7.
+r
The program being debugged has been started already.
Start it from the beginning? (y or n) error return ../../gdb-7.6.1/gdb/windows-nat.c:1275 was 5
Starting program: c:\Users\Admin\OneDrive\Documents\GitHub\c_activity_sets\set01/./problem08.exe 
[New Thread 11668.0xfac]
[New Thread 11668.0x2948]

Breakpoint 1, 0x00401477 in main ()
    at c:\Users\Admin\OneDrive\Documents\GitHub\c_activity_sets\set01\problem08.c:7
7	int main() {
+n
9	    n = input_array_size();
+n
10	    int a[n];
+n
11	    input_array(n, a);
+n
12	    sum = sum_n_array(n, a);
+n
13	    output(n, a, sum);
+n
14	    return 0;
+n
15	}
+n
0x00401288 in __register_frame_info ()
+n
Single stepping until exit from function __register_frame_info,
which has no line number information.
0x0040128a in __register_frame_info ()
+q
A debugging session is active.

	Inferior 1 [process 11668] will be killed.

Quit anyway? (y or n) error return ../../gdb-7.6.1/gdb/windows-nat.c:1275 was 5
