+r
Starting program: c:\Users\Admin\OneDrive\Documents\GitHub\c_activity_sets\set01/./problem06.exe 
[New Thread 14004.0xba8]
[New Thread 14004.0x1ca8]
[Inferior 1 (process 14004) exited normally]
+n
The program is not being run.
+n
The program is not being run.
+q
+b main
Breakpoint 1 at 0x40146e: file c:\Users\Admin\OneDrive\Documents\GitHub\c_activity_sets\set01\problem06.c, line 8.
+r
Starting program: c:\Users\Admin\OneDrive\Documents\GitHub\c_activity_sets\set01/./problem06.exe 
[New Thread 12136.0x36a4]
[New Thread 12136.0xdfc]

Breakpoint 1, main () at c:\Users\Admin\OneDrive\Documents\GitHub\c_activity_sets\set01\problem06.c:8
8	a=input();
+n
9	b=input();
+2
Undefined command: "2".  Try "help".
+n
10	c=input();
+n
11	compare(a,b,c,&largest);
+n
12	output(a,b,c,largest);
+n
13	}
+n
0x00401288 in __register_frame_info ()
+n
Single stepping until exit from function __register_frame_info,
which has no line number information.
0x0040128a in __register_frame_info ()
+n
Single stepping until exit from function __register_frame_info,
which has no line number information.
0x0040128f in __register_frame_info ()
+q
A debugging session is active.

	Inferior 1 [process 12136] will be killed.

Quit anyway? (y or n) error return ../../gdb-7.6.1/gdb/windows-nat.c:1275 was 5
